0 info it worked if it ends with ok
1 verbose cli [ 'C:\\Program Files\\nodejs\\node.exe',
1 verbose cli   'C:\\Program Files\\nodejs\\node_modules\\npm\\bin\\npm-cli.js',
1 verbose cli   'install',
1 verbose cli   'gem' ]
2 info using npm@3.10.10
3 info using node@v6.11.2
4 silly loadCurrentTree Starting
5 silly install loadCurrentTree
6 silly install readLocalPackageData
7 silly fetchPackageMetaData gem
8 silly fetchNamedPackageData gem
9 silly mapToRegistry name gem
10 silly mapToRegistry using default registry
11 silly mapToRegistry registry https://registry.npm.taobao.org/
12 silly mapToRegistry data Result {
12 silly mapToRegistry   raw: 'gem',
12 silly mapToRegistry   scope: null,
12 silly mapToRegistry   escapedName: 'gem',
12 silly mapToRegistry   name: 'gem',
12 silly mapToRegistry   rawSpec: '',
12 silly mapToRegistry   spec: 'latest',
12 silly mapToRegistry   type: 'tag' }
13 silly mapToRegistry uri https://registry.npm.taobao.org/gem
14 verbose request uri https://registry.npm.taobao.org/gem
15 verbose request no auth needed
16 info attempt registry request try #1 at 06:51:57
17 verbose request id a9cfcb0c1e7b7c84
18 http request GET https://registry.npm.taobao.org/gem
19 http 200 https://registry.npm.taobao.org/gem
20 verbose headers { date: 'Wed, 13 Sep 2017 22:51:54 GMT',
20 verbose headers   'content-type': 'application/json; charset=utf-8',
20 verbose headers   'content-length': '112528',
20 verbose headers   connection: 'keep-alive',
20 verbose headers   'x-current-requests': '1',
20 verbose headers   etag: '"1b790-eijAYZnLYqK0HthB9mFMJGwTyvQ"',
20 verbose headers   'x-readtime': '30' }
21 silly get cb [ 200,
21 silly get   { date: 'Wed, 13 Sep 2017 22:51:54 GMT',
21 silly get     'content-type': 'application/json; charset=utf-8',
21 silly get     'content-length': '112528',
21 silly get     connection: 'keep-alive',
21 silly get     'x-current-requests': '1',
21 silly get     etag: '"1b790-eijAYZnLYqK0HthB9mFMJGwTyvQ"',
21 silly get     'x-readtime': '30' } ]
22 verbose get saving gem to C:\Users\scott\AppData\Roaming\npm-cache\registry.npm.taobao.org\gem\.cache.json
23 verbose correctMkdir C:\Users\scott\AppData\Roaming\npm-cache correctMkdir not in flight; initializing
24 silly install normalizeTree
25 silly loadCurrentTree Finishing
26 silly loadIdealTree Starting
27 silly install loadIdealTree
28 silly cloneCurrentTree Starting
29 silly install cloneCurrentTreeToIdealTree
30 silly cloneCurrentTree Finishing
31 silly loadShrinkwrap Starting
32 silly install loadShrinkwrap
33 silly loadShrinkwrap Finishing
34 silly loadAllDepsIntoIdealTree Starting
35 silly install loadAllDepsIntoIdealTree
36 silly resolveWithNewModule gem@2.4.2 checking installable status
37 silly cache add args [ 'gem', null ]
38 verbose cache add spec gem
39 silly cache add parsed spec Result {
39 silly cache add   raw: 'gem',
39 silly cache add   scope: null,
39 silly cache add   escapedName: 'gem',
39 silly cache add   name: 'gem',
39 silly cache add   rawSpec: '',
39 silly cache add   spec: 'latest',
39 silly cache add   type: 'tag' }
40 silly addNamed gem@latest
41 verbose addNamed "latest" is being treated as a dist-tag for gem
42 info addNameTag [ 'gem', 'latest' ]
43 silly mapToRegistry name gem
44 silly mapToRegistry using default registry
45 silly mapToRegistry registry https://registry.npm.taobao.org/
46 silly mapToRegistry data Result {
46 silly mapToRegistry   raw: 'gem',
46 silly mapToRegistry   scope: null,
46 silly mapToRegistry   escapedName: 'gem',
46 silly mapToRegistry   name: 'gem',
46 silly mapToRegistry   rawSpec: '',
46 silly mapToRegistry   spec: 'latest',
46 silly mapToRegistry   type: 'tag' }
47 silly mapToRegistry uri https://registry.npm.taobao.org/gem
48 verbose addNameTag registry:https://registry.npm.taobao.org/gem not in flight; fetching
49 verbose get https://registry.npm.taobao.org/gem not expired, no request
50 silly addNameTag next cb for gem with tag latest
51 silly addNamed gem@2.4.2
52 verbose addNamed "2.4.2" is a plain semver version for gem
53 silly mapToRegistry name gem
54 silly mapToRegistry using default registry
55 silly mapToRegistry registry https://registry.npm.taobao.org/
56 silly mapToRegistry data Result {
56 silly mapToRegistry   raw: 'gem',
56 silly mapToRegistry   scope: null,
56 silly mapToRegistry   escapedName: 'gem',
56 silly mapToRegistry   name: 'gem',
56 silly mapToRegistry   rawSpec: '',
56 silly mapToRegistry   spec: 'latest',
56 silly mapToRegistry   type: 'tag' }
57 silly mapToRegistry uri https://registry.npm.taobao.org/gem
58 verbose addRemoteTarball https://registry.npm.taobao.org/gem/download/gem-2.4.2.tgz not in flight; adding
59 verbose addRemoteTarball [ 'https://registry.npm.taobao.org/gem/download/gem-2.4.2.tgz',
59 verbose addRemoteTarball   '0e1e8e83cf18827fde82e02be20220341d6b5c33' ]
60 info retry fetch attempt 1 at 06:51:57
61 info attempt registry request try #1 at 06:51:57
62 http fetch GET https://registry.npm.taobao.org/gem/download/gem-2.4.2.tgz
63 http fetch 200 https://registry.npm.taobao.org/gem/download/gem-2.4.2.tgz
64 silly fetchAndShaCheck shasum 0e1e8e83cf18827fde82e02be20220341d6b5c33
65 verbose addTmpTarball C:\Users\scott\AppData\Local\Temp\npm-9084-77092bcb\registry.npm.taobao.org\gem\download\gem-2.4.2.tgz not in flight; adding
66 verbose addTmpTarball already have metadata; skipping unpack for gem@2.4.2
67 verbose correctMkdir C:\Users\scott\AppData\Roaming\npm-cache correctMkdir not in flight; initializing
68 silly cache afterAdd gem@2.4.2
69 verbose afterAdd C:\Users\scott\AppData\Roaming\npm-cache\gem\2.4.2\package\package.json not in flight; writing
70 verbose correctMkdir C:\Users\scott\AppData\Roaming\npm-cache correctMkdir not in flight; initializing
71 verbose afterAdd C:\Users\scott\AppData\Roaming\npm-cache\gem\2.4.2\package\package.json written
72 silly fetchNamedPackageData proto
73 silly mapToRegistry name proto
74 silly mapToRegistry using default registry
75 silly mapToRegistry registry https://registry.npm.taobao.org/
76 silly mapToRegistry data Result {
76 silly mapToRegistry   raw: 'proto',
76 silly mapToRegistry   scope: null,
76 silly mapToRegistry   escapedName: 'proto',
76 silly mapToRegistry   name: 'proto',
76 silly mapToRegistry   rawSpec: '',
76 silly mapToRegistry   spec: 'latest',
76 silly mapToRegistry   type: 'tag' }
77 silly mapToRegistry uri https://registry.npm.taobao.org/proto
78 silly fetchNamedPackageData observe
79 silly mapToRegistry name observe
80 silly mapToRegistry using default registry
81 silly mapToRegistry registry https://registry.npm.taobao.org/
82 silly mapToRegistry data Result {
82 silly mapToRegistry   raw: 'observe',
82 silly mapToRegistry   scope: null,
82 silly mapToRegistry   escapedName: 'observe',
82 silly mapToRegistry   name: 'observe',
82 silly mapToRegistry   rawSpec: '',
82 silly mapToRegistry   spec: 'latest',
82 silly mapToRegistry   type: 'tag' }
83 silly mapToRegistry uri https://registry.npm.taobao.org/observe
84 silly fetchOtherPackageData trimArguments@https://github.com/fresheneesz/trimArguments/archive/c9c023c9ff1e0aec4b67370a80a92dacadcf8b11.tar.gz
85 silly cache add args [ 'trimArguments@https://github.com/fresheneesz/trimArguments/archive/c9c023c9ff1e0aec4b67370a80a92dacadcf8b11.tar.gz',
85 silly cache add   null ]
86 verbose cache add spec trimArguments@https://github.com/fresheneesz/trimArguments/archive/c9c023c9ff1e0aec4b67370a80a92dacadcf8b11.tar.gz
87 silly fetchOtherPackageData hashmap@https://github.com/Tixit/hashmap/archive/c666bbe32a8d23bbafc96c5d8f18e385b1b00f27.tar.gz
88 silly cache add args [ 'hashmap@https://github.com/Tixit/hashmap/archive/c666bbe32a8d23bbafc96c5d8f18e385b1b00f27.tar.gz',
88 silly cache add   null ]
89 verbose cache add spec hashmap@https://github.com/Tixit/hashmap/archive/c666bbe32a8d23bbafc96c5d8f18e385b1b00f27.tar.gz
90 verbose request uri https://registry.npm.taobao.org/proto
91 verbose request no auth needed
92 info attempt registry request try #1 at 06:51:58
93 http request GET https://registry.npm.taobao.org/proto
94 verbose request uri https://registry.npm.taobao.org/observe
95 verbose request no auth needed
96 info attempt registry request try #1 at 06:51:58
97 http request GET https://registry.npm.taobao.org/observe
98 silly cache add parsed spec Result {
98 silly cache add   raw: 'trimArguments@https://github.com/fresheneesz/trimArguments/archive/c9c023c9ff1e0aec4b67370a80a92dacadcf8b11.tar.gz',
98 silly cache add   scope: null,
98 silly cache add   escapedName: 'trimArguments',
98 silly cache add   name: 'trimArguments',
98 silly cache add   rawSpec: 'https://github.com/fresheneesz/trimArguments/archive/c9c023c9ff1e0aec4b67370a80a92dacadcf8b11.tar.gz',
98 silly cache add   spec: 'https://github.com/fresheneesz/trimArguments/archive/c9c023c9ff1e0aec4b67370a80a92dacadcf8b11.tar.gz',
98 silly cache add   type: 'remote' }
99 silly mapToRegistry name trimArguments@https://github.com/fresheneesz/trimArguments/archive/c9c023c9ff1e0aec4b67370a80a92dacadcf8b11.tar.gz
100 silly mapToRegistry using default registry
101 silly mapToRegistry registry https://registry.npm.taobao.org/
102 silly mapToRegistry data Result {
102 silly mapToRegistry   raw: 'trimArguments@https://github.com/fresheneesz/trimArguments/archive/c9c023c9ff1e0aec4b67370a80a92dacadcf8b11.tar.gz',
102 silly mapToRegistry   scope: null,
102 silly mapToRegistry   escapedName: 'trimArguments',
102 silly mapToRegistry   name: 'trimArguments',
102 silly mapToRegistry   rawSpec: 'https://github.com/fresheneesz/trimArguments/archive/c9c023c9ff1e0aec4b67370a80a92dacadcf8b11.tar.gz',
102 silly mapToRegistry   spec: 'https://github.com/fresheneesz/trimArguments/archive/c9c023c9ff1e0aec4b67370a80a92dacadcf8b11.tar.gz',
102 silly mapToRegistry   type: 'remote' }
103 silly mapToRegistry uri https://github.com/fresheneesz/trimArguments/archive/c9c023c9ff1e0aec4b67370a80a92dacadcf8b11.tar.gz
104 verbose addRemoteTarball https://github.com/fresheneesz/trimArguments/archive/c9c023c9ff1e0aec4b67370a80a92dacadcf8b11.tar.gz not in flight; adding
105 verbose addRemoteTarball [ 'https://github.com/fresheneesz/trimArguments/archive/c9c023c9ff1e0aec4b67370a80a92dacadcf8b11.tar.gz',
105 verbose addRemoteTarball   null ]
106 silly cache add parsed spec Result {
106 silly cache add   raw: 'hashmap@https://github.com/Tixit/hashmap/archive/c666bbe32a8d23bbafc96c5d8f18e385b1b00f27.tar.gz',
106 silly cache add   scope: null,
106 silly cache add   escapedName: 'hashmap',
106 silly cache add   name: 'hashmap',
106 silly cache add   rawSpec: 'https://github.com/Tixit/hashmap/archive/c666bbe32a8d23bbafc96c5d8f18e385b1b00f27.tar.gz',
106 silly cache add   spec: 'https://github.com/Tixit/hashmap/archive/c666bbe32a8d23bbafc96c5d8f18e385b1b00f27.tar.gz',
106 silly cache add   type: 'remote' }
107 silly mapToRegistry name hashmap@https://github.com/Tixit/hashmap/archive/c666bbe32a8d23bbafc96c5d8f18e385b1b00f27.tar.gz
108 silly mapToRegistry using default registry
109 silly mapToRegistry registry https://registry.npm.taobao.org/
110 silly mapToRegistry data Result {
110 silly mapToRegistry   raw: 'hashmap@https://github.com/Tixit/hashmap/archive/c666bbe32a8d23bbafc96c5d8f18e385b1b00f27.tar.gz',
110 silly mapToRegistry   scope: null,
110 silly mapToRegistry   escapedName: 'hashmap',
110 silly mapToRegistry   name: 'hashmap',
110 silly mapToRegistry   rawSpec: 'https://github.com/Tixit/hashmap/archive/c666bbe32a8d23bbafc96c5d8f18e385b1b00f27.tar.gz',
110 silly mapToRegistry   spec: 'https://github.com/Tixit/hashmap/archive/c666bbe32a8d23bbafc96c5d8f18e385b1b00f27.tar.gz',
110 silly mapToRegistry   type: 'remote' }
111 silly mapToRegistry uri https://github.com/Tixit/hashmap/archive/c666bbe32a8d23bbafc96c5d8f18e385b1b00f27.tar.gz
112 verbose addRemoteTarball https://github.com/Tixit/hashmap/archive/c666bbe32a8d23bbafc96c5d8f18e385b1b00f27.tar.gz not in flight; adding
113 verbose addRemoteTarball [ 'https://github.com/Tixit/hashmap/archive/c666bbe32a8d23bbafc96c5d8f18e385b1b00f27.tar.gz',
113 verbose addRemoteTarball   null ]
114 info retry fetch attempt 1 at 06:51:58
115 info attempt registry request try #1 at 06:51:58
116 http fetch GET https://github.com/Tixit/hashmap/archive/c666bbe32a8d23bbafc96c5d8f18e385b1b00f27.tar.gz
117 info retry fetch attempt 1 at 06:51:58
118 info attempt registry request try #1 at 06:51:58
119 http fetch GET https://github.com/fresheneesz/trimArguments/archive/c9c023c9ff1e0aec4b67370a80a92dacadcf8b11.tar.gz
120 http 200 https://registry.npm.taobao.org/observe
121 verbose headers { date: 'Wed, 13 Sep 2017 22:51:55 GMT',
121 verbose headers   'content-type': 'application/json; charset=utf-8',
121 verbose headers   'content-length': '41213',
121 verbose headers   connection: 'keep-alive',
121 verbose headers   'x-current-requests': '1',
121 verbose headers   etag: '"a0fd-OaTei2V/UjaenhO0NB7d9w4FtUo"',
121 verbose headers   'x-readtime': '22' }
122 silly get cb [ 200,
122 silly get   { date: 'Wed, 13 Sep 2017 22:51:55 GMT',
122 silly get     'content-type': 'application/json; charset=utf-8',
122 silly get     'content-length': '41213',
122 silly get     connection: 'keep-alive',
122 silly get     'x-current-requests': '1',
122 silly get     etag: '"a0fd-OaTei2V/UjaenhO0NB7d9w4FtUo"',
122 silly get     'x-readtime': '22' } ]
123 verbose get saving observe to C:\Users\scott\AppData\Roaming\npm-cache\registry.npm.taobao.org\observe\.cache.json
124 verbose correctMkdir C:\Users\scott\AppData\Roaming\npm-cache correctMkdir not in flight; initializing
125 silly resolveWithNewModule observe@1.3.8 checking installable status
126 silly cache add args [ 'observe@1', null ]
127 verbose cache add spec observe@1
128 silly cache add parsed spec Result {
128 silly cache add   raw: 'observe@1',
128 silly cache add   scope: null,
128 silly cache add   escapedName: 'observe',
128 silly cache add   name: 'observe',
128 silly cache add   rawSpec: '1',
128 silly cache add   spec: '>=1.0.0 <2.0.0',
128 silly cache add   type: 'range' }
129 silly addNamed observe@>=1.0.0 <2.0.0
130 verbose addNamed ">=1.0.0 <2.0.0" is a valid semver range for observe
131 silly addNameRange { name: 'observe', range: '>=1.0.0 <2.0.0', hasData: false }
132 silly mapToRegistry name observe
133 silly mapToRegistry using default registry
134 silly mapToRegistry registry https://registry.npm.taobao.org/
135 silly mapToRegistry data Result {
135 silly mapToRegistry   raw: 'observe',
135 silly mapToRegistry   scope: null,
135 silly mapToRegistry   escapedName: 'observe',
135 silly mapToRegistry   name: 'observe',
135 silly mapToRegistry   rawSpec: '',
135 silly mapToRegistry   spec: 'latest',
135 silly mapToRegistry   type: 'tag' }
136 silly mapToRegistry uri https://registry.npm.taobao.org/observe
137 verbose addNameRange registry:https://registry.npm.taobao.org/observe not in flight; fetching
138 verbose get https://registry.npm.taobao.org/observe not expired, no request
139 silly addNameRange number 2 { name: 'observe', range: '>=1.0.0 <2.0.0', hasData: true }
140 silly addNameRange versions [ 'observe',
140 silly addNameRange   [ '1.3.8',
140 silly addNameRange     '1.3.7',
140 silly addNameRange     '1.3.6',
140 silly addNameRange     '1.3.5',
140 silly addNameRange     '1.3.4',
140 silly addNameRange     '1.3.3',
140 silly addNameRange     '1.3.2',
140 silly addNameRange     '1.3.1',
140 silly addNameRange     '1.3.0',
140 silly addNameRange     '1.2.1',
140 silly addNameRange     '1.2.0',
140 silly addNameRange     '1.1.3',
140 silly addNameRange     '1.1.2',
140 silly addNameRange     '1.1.1',
140 silly addNameRange     '1.1.0',
140 silly addNameRange     '1.0.3',
140 silly addNameRange     '1.0.2',
140 silly addNameRange     '1.0.1',
140 silly addNameRange     '0.0.7',
140 silly addNameRange     '0.0.6',
140 silly addNameRange     '0.0.5' ] ]
141 silly addNamed observe@1.3.8
142 verbose addNamed "1.3.8" is a plain semver version for observe
143 silly mapToRegistry name observe
144 silly mapToRegistry using default registry
145 silly mapToRegistry registry https://registry.npm.taobao.org/
146 silly mapToRegistry data Result {
146 silly mapToRegistry   raw: 'observe',
146 silly mapToRegistry   scope: null,
146 silly mapToRegistry   escapedName: 'observe',
146 silly mapToRegistry   name: 'observe',
146 silly mapToRegistry   rawSpec: '',
146 silly mapToRegistry   spec: 'latest',
146 silly mapToRegistry   type: 'tag' }
147 silly mapToRegistry uri https://registry.npm.taobao.org/observe
148 verbose addRemoteTarball https://registry.npm.taobao.org/observe/download/observe-1.3.8.tgz not in flight; adding
149 verbose addRemoteTarball [ 'https://registry.npm.taobao.org/observe/download/observe-1.3.8.tgz',
149 verbose addRemoteTarball   '2c48d1fe3b5acfda607e59febc933ae4b83b2ac6' ]
150 info retry fetch attempt 1 at 06:51:58
151 info attempt registry request try #1 at 06:51:58
152 http fetch GET https://registry.npm.taobao.org/observe/download/observe-1.3.8.tgz
153 http 200 https://registry.npm.taobao.org/proto
154 verbose headers { date: 'Wed, 13 Sep 2017 22:51:55 GMT',
154 verbose headers   'content-type': 'application/json; charset=utf-8',
154 verbose headers   'content-length': '33389',
154 verbose headers   connection: 'keep-alive',
154 verbose headers   'x-current-requests': '1',
154 verbose headers   etag: '"826d-vlnOXA7lHnqZ+qCUX2+TF3C5hi4"',
154 verbose headers   'x-readtime': '24' }
155 silly get cb [ 200,
155 silly get   { date: 'Wed, 13 Sep 2017 22:51:55 GMT',
155 silly get     'content-type': 'application/json; charset=utf-8',
155 silly get     'content-length': '33389',
155 silly get     connection: 'keep-alive',
155 silly get     'x-current-requests': '1',
155 silly get     etag: '"826d-vlnOXA7lHnqZ+qCUX2+TF3C5hi4"',
155 silly get     'x-readtime': '24' } ]
156 verbose get saving proto to C:\Users\scott\AppData\Roaming\npm-cache\registry.npm.taobao.org\proto\.cache.json
157 verbose correctMkdir C:\Users\scott\AppData\Roaming\npm-cache correctMkdir not in flight; initializing
158 silly resolveWithNewModule proto@1.0.19 checking installable status
159 silly cache add args [ 'proto@>=1.0.17', null ]
160 verbose cache add spec proto@>=1.0.17
161 silly cache add parsed spec Result {
161 silly cache add   raw: 'proto@>=1.0.17',
161 silly cache add   scope: null,
161 silly cache add   escapedName: 'proto',
161 silly cache add   name: 'proto',
161 silly cache add   rawSpec: '>=1.0.17',
161 silly cache add   spec: '>=1.0.17',
161 silly cache add   type: 'range' }
162 silly addNamed proto@>=1.0.17
163 verbose addNamed ">=1.0.17" is a valid semver range for proto
164 silly addNameRange { name: 'proto', range: '>=1.0.17', hasData: false }
165 silly mapToRegistry name proto
166 silly mapToRegistry using default registry
167 silly mapToRegistry registry https://registry.npm.taobao.org/
168 silly mapToRegistry data Result {
168 silly mapToRegistry   raw: 'proto',
168 silly mapToRegistry   scope: null,
168 silly mapToRegistry   escapedName: 'proto',
168 silly mapToRegistry   name: 'proto',
168 silly mapToRegistry   rawSpec: '',
168 silly mapToRegistry   spec: 'latest',
168 silly mapToRegistry   type: 'tag' }
169 silly mapToRegistry uri https://registry.npm.taobao.org/proto
170 verbose addNameRange registry:https://registry.npm.taobao.org/proto not in flight; fetching
171 verbose get https://registry.npm.taobao.org/proto not expired, no request
172 silly addNameRange number 2 { name: 'proto', range: '>=1.0.17', hasData: true }
173 silly addNameRange versions [ 'proto',
173 silly addNameRange   [ '1.0.19',
173 silly addNameRange     '1.0.18',
173 silly addNameRange     '1.0.17',
173 silly addNameRange     '1.0.16',
173 silly addNameRange     '1.0.15',
173 silly addNameRange     '1.0.14',
173 silly addNameRange     '1.0.13',
173 silly addNameRange     '1.0.12',
173 silly addNameRange     '1.0.11',
173 silly addNameRange     '1.0.10',
173 silly addNameRange     '1.0.9',
173 silly addNameRange     '1.0.8',
173 silly addNameRange     '1.0.6',
173 silly addNameRange     '1.0.5',
173 silly addNameRange     '1.0.4',
173 silly addNameRange     '1.0.3',
173 silly addNameRange     '1.0.2',
173 silly addNameRange     '0.1.0' ] ]
174 silly addNamed proto@1.0.19
175 verbose addNamed "1.0.19" is a plain semver version for proto
176 silly mapToRegistry name proto
177 silly mapToRegistry using default registry
178 silly mapToRegistry registry https://registry.npm.taobao.org/
179 silly mapToRegistry data Result {
179 silly mapToRegistry   raw: 'proto',
179 silly mapToRegistry   scope: null,
179 silly mapToRegistry   escapedName: 'proto',
179 silly mapToRegistry   name: 'proto',
179 silly mapToRegistry   rawSpec: '',
179 silly mapToRegistry   spec: 'latest',
179 silly mapToRegistry   type: 'tag' }
180 silly mapToRegistry uri https://registry.npm.taobao.org/proto
181 verbose addRemoteTarball https://registry.npm.taobao.org/proto/download/proto-1.0.19.tgz not in flight; adding
182 verbose addRemoteTarball [ 'https://registry.npm.taobao.org/proto/download/proto-1.0.19.tgz',
182 verbose addRemoteTarball   '4dba250b34398ae242de24153e7bf9dab2fe4385' ]
183 info retry fetch attempt 1 at 06:51:58
184 info attempt registry request try #1 at 06:51:58
185 http fetch GET https://registry.npm.taobao.org/proto/download/proto-1.0.19.tgz
186 http fetch 200 https://registry.npm.taobao.org/observe/download/observe-1.3.8.tgz
187 silly fetchAndShaCheck shasum 2c48d1fe3b5acfda607e59febc933ae4b83b2ac6
188 verbose addTmpTarball C:\Users\scott\AppData\Local\Temp\npm-9084-77092bcb\registry.npm.taobao.org\observe\download\observe-1.3.8.tgz not in flight; adding
189 verbose addTmpTarball already have metadata; skipping unpack for observe@1.3.8
190 verbose correctMkdir C:\Users\scott\AppData\Roaming\npm-cache correctMkdir not in flight; initializing
191 silly cache afterAdd observe@1.3.8
192 verbose afterAdd C:\Users\scott\AppData\Roaming\npm-cache\observe\1.3.8\package\package.json not in flight; writing
193 verbose correctMkdir C:\Users\scott\AppData\Roaming\npm-cache correctMkdir not in flight; initializing
194 verbose afterAdd C:\Users\scott\AppData\Roaming\npm-cache\observe\1.3.8\package\package.json written
195 silly addShrinkwrap Found shrinkwrap in observe package/npm-shrinkwrap.json
196 silly addShrinkwrap Completed reading shrinkwrap in observe
197 silly fetchNamedPackageData proto
198 silly mapToRegistry name proto
199 silly mapToRegistry using default registry
200 silly mapToRegistry registry https://registry.npm.taobao.org/
201 silly mapToRegistry data Result {
201 silly mapToRegistry   raw: 'proto',
201 silly mapToRegistry   scope: null,
201 silly mapToRegistry   escapedName: 'proto',
201 silly mapToRegistry   name: 'proto',
201 silly mapToRegistry   rawSpec: '',
201 silly mapToRegistry   spec: 'latest',
201 silly mapToRegistry   type: 'tag' }
202 silly mapToRegistry uri https://registry.npm.taobao.org/proto
203 silly cache add args [ 'proto@1.0.11', null ]
204 verbose cache add spec proto@1.0.11
205 silly cache add parsed spec Result {
205 silly cache add   raw: 'proto@1.0.11',
205 silly cache add   scope: null,
205 silly cache add   escapedName: 'proto',
205 silly cache add   name: 'proto',
205 silly cache add   rawSpec: '1.0.11',
205 silly cache add   spec: '1.0.11',
205 silly cache add   type: 'version' }
206 silly addNamed proto@1.0.11
207 verbose addNamed "1.0.11" is a plain semver version for proto
208 silly mapToRegistry name proto
209 silly mapToRegistry using default registry
210 silly mapToRegistry registry https://registry.npm.taobao.org/
211 silly mapToRegistry data Result {
211 silly mapToRegistry   raw: 'proto',
211 silly mapToRegistry   scope: null,
211 silly mapToRegistry   escapedName: 'proto',
211 silly mapToRegistry   name: 'proto',
211 silly mapToRegistry   rawSpec: '',
211 silly mapToRegistry   spec: 'latest',
211 silly mapToRegistry   type: 'tag' }
212 silly mapToRegistry uri https://registry.npm.taobao.org/proto
213 verbose addNameVersion registry:https://registry.npm.taobao.org/proto not in flight; fetching
214 verbose get https://registry.npm.taobao.org/proto not expired, no request
215 silly mapToRegistry name proto
216 silly mapToRegistry using default registry
217 silly mapToRegistry registry https://registry.npm.taobao.org/
218 silly mapToRegistry data Result {
218 silly mapToRegistry   raw: 'proto',
218 silly mapToRegistry   scope: null,
218 silly mapToRegistry   escapedName: 'proto',
218 silly mapToRegistry   name: 'proto',
218 silly mapToRegistry   rawSpec: '',
218 silly mapToRegistry   spec: 'latest',
218 silly mapToRegistry   type: 'tag' }
219 silly mapToRegistry uri https://registry.npm.taobao.org/proto
220 verbose addRemoteTarball https://registry.npm.taobao.org/proto/download/proto-1.0.11.tgz not in flight; adding
221 verbose addRemoteTarball [ 'https://registry.npm.taobao.org/proto/download/proto-1.0.11.tgz',
221 verbose addRemoteTarball   'bbeebb97997516f6b601edf51152caec6fd01c83' ]
222 info retry fetch attempt 1 at 06:51:58
223 info attempt registry request try #1 at 06:51:58
224 http fetch GET https://registry.npm.taobao.org/proto/download/proto-1.0.11.tgz
225 http fetch 200 https://registry.npm.taobao.org/proto/download/proto-1.0.19.tgz
226 silly fetchAndShaCheck shasum 4dba250b34398ae242de24153e7bf9dab2fe4385
227 verbose addTmpTarball C:\Users\scott\AppData\Local\Temp\npm-9084-77092bcb\registry.npm.taobao.org\proto\download\proto-1.0.19.tgz not in flight; adding
228 verbose addTmpTarball already have metadata; skipping unpack for proto@1.0.19
229 verbose correctMkdir C:\Users\scott\AppData\Roaming\npm-cache correctMkdir not in flight; initializing
230 silly cache afterAdd proto@1.0.19
231 verbose afterAdd C:\Users\scott\AppData\Roaming\npm-cache\proto\1.0.19\package\package.json not in flight; writing
232 verbose correctMkdir C:\Users\scott\AppData\Roaming\npm-cache correctMkdir not in flight; initializing
233 verbose afterAdd C:\Users\scott\AppData\Roaming\npm-cache\proto\1.0.19\package\package.json written
234 http fetch 200 https://registry.npm.taobao.org/proto/download/proto-1.0.11.tgz
235 silly fetchAndShaCheck shasum bbeebb97997516f6b601edf51152caec6fd01c83
236 verbose addTmpTarball C:\Users\scott\AppData\Local\Temp\npm-9084-77092bcb\registry.npm.taobao.org\proto\download\proto-1.0.11.tgz not in flight; adding
237 verbose addTmpTarball already have metadata; skipping unpack for proto@1.0.11
238 verbose correctMkdir C:\Users\scott\AppData\Roaming\npm-cache correctMkdir not in flight; initializing
239 silly cache afterAdd proto@1.0.11
240 verbose afterAdd C:\Users\scott\AppData\Roaming\npm-cache\proto\1.0.11\package\package.json not in flight; writing
241 verbose correctMkdir C:\Users\scott\AppData\Roaming\npm-cache correctMkdir not in flight; initializing
242 verbose afterAdd C:\Users\scott\AppData\Roaming\npm-cache\proto\1.0.11\package\package.json written
243 http fetch 200 https://github.com/Tixit/hashmap/archive/c666bbe32a8d23bbafc96c5d8f18e385b1b00f27.tar.gz
244 silly fetchAndShaCheck shasum 22ce29d63253785dcc6d5c33e22d8aec762dac0b
245 verbose addTmpTarball C:\Users\scott\AppData\Local\Temp\npm-9084-77092bcb\github.com\Tixit\hashmap\archive\c666bbe32a8d23bbafc96c5d8f18e385b1b00f27.tar.gz not in flight; adding
246 verbose correctMkdir C:\Users\scott\AppData\Roaming\npm-cache correctMkdir not in flight; initializing
247 verbose addTmpTarball validating metadata from C:\Users\scott\AppData\Local\Temp\npm-9084-77092bcb\github.com\Tixit\hashmap\archive\c666bbe32a8d23bbafc96c5d8f18e385b1b00f27.tar.gz
248 verbose tar unpack C:\Users\scott\AppData\Local\Temp\npm-9084-77092bcb\github.com\Tixit\hashmap\archive\c666bbe32a8d23bbafc96c5d8f18e385b1b00f27.tar.gz
249 verbose tar unpacking to C:\Users\scott\AppData\Local\Temp\npm-9084-77092bcb\unpack-6e655581
250 silly gentlyRm C:\Users\scott\AppData\Local\Temp\npm-9084-77092bcb\unpack-6e655581 is being purged
251 verbose gentlyRm don't care about contents; nuking C:\Users\scott\AppData\Local\Temp\npm-9084-77092bcb\unpack-6e655581
252 silly gunzTarPerm modes [ '777', '666' ]
253 silly gunzTarPerm extractEntry
254 silly gunzTarPerm modified mode [ '', 509, 511 ]
255 silly gunzTarPerm extractEntry .gitignore
256 silly gunzTarPerm modified mode [ '.gitignore', 436, 438 ]
257 silly gunzTarPerm extractEntry .npmignore
258 silly gunzTarPerm modified mode [ '.npmignore', 436, 438 ]
259 silly gunzTarPerm extractEntry CHANGELOG.md
260 silly gunzTarPerm modified mode [ 'CHANGELOG.md', 436, 438 ]
261 silly gunzTarPerm extractEntry LICENSE
262 silly gunzTarPerm modified mode [ 'LICENSE', 436, 438 ]
263 silly gunzTarPerm extractEntry Readme.md
264 silly gunzTarPerm modified mode [ 'Readme.md', 436, 438 ]
265 silly gunzTarPerm extractEntry bower.json
266 silly gunzTarPerm modified mode [ 'bower.json', 436, 438 ]
267 silly gunzTarPerm extractEntry hashmap.js
268 silly gunzTarPerm modified mode [ 'hashmap.js', 436, 438 ]
269 silly gunzTarPerm extractEntry package.json
270 silly gunzTarPerm modified mode [ 'package.json', 436, 438 ]
271 silly gunzTarPerm extractEntry test/
272 silly gunzTarPerm modified mode [ 'test/', 509, 511 ]
273 silly gunzTarPerm extractEntry test/test.js
274 silly gunzTarPerm modified mode [ 'test/test.js', 436, 438 ]
275 http fetch 200 https://github.com/fresheneesz/trimArguments/archive/c9c023c9ff1e0aec4b67370a80a92dacadcf8b11.tar.gz
276 verbose correctMkdir C:\Users\scott\AppData\Roaming\npm-cache correctMkdir not in flight; initializing
277 silly cache afterAdd hashmap@2.0.5-minfiedBugFix
278 verbose afterAdd C:\Users\scott\AppData\Roaming\npm-cache\hashmap\2.0.5-minfiedBugFix\package\package.json not in flight; writing
279 verbose correctMkdir C:\Users\scott\AppData\Roaming\npm-cache correctMkdir not in flight; initializing
280 verbose afterAdd C:\Users\scott\AppData\Roaming\npm-cache\hashmap\2.0.5-minfiedBugFix\package\package.json written
281 silly resolveWithNewModule hashmap@2.0.5-minfiedBugFix checking installable status
282 silly fetchAndShaCheck shasum c4d002edfcf799bdc993170f1f809f79e3257386
283 verbose addTmpTarball C:\Users\scott\AppData\Local\Temp\npm-9084-77092bcb\github.com\fresheneesz\trimArguments\archive\c9c023c9ff1e0aec4b67370a80a92dacadcf8b11.tar.gz not in flight; adding
284 verbose correctMkdir C:\Users\scott\AppData\Roaming\npm-cache correctMkdir not in flight; initializing
285 verbose addTmpTarball validating metadata from C:\Users\scott\AppData\Local\Temp\npm-9084-77092bcb\github.com\fresheneesz\trimArguments\archive\c9c023c9ff1e0aec4b67370a80a92dacadcf8b11.tar.gz
286 verbose tar unpack C:\Users\scott\AppData\Local\Temp\npm-9084-77092bcb\github.com\fresheneesz\trimArguments\archive\c9c023c9ff1e0aec4b67370a80a92dacadcf8b11.tar.gz
287 verbose tar unpacking to C:\Users\scott\AppData\Local\Temp\npm-9084-77092bcb\unpack-b564d4cc
288 silly gentlyRm C:\Users\scott\AppData\Local\Temp\npm-9084-77092bcb\unpack-b564d4cc is being purged
289 verbose gentlyRm don't care about contents; nuking C:\Users\scott\AppData\Local\Temp\npm-9084-77092bcb\unpack-b564d4cc
290 silly gunzTarPerm modes [ '777', '666' ]
291 silly gunzTarPerm extractEntry
292 silly gunzTarPerm modified mode [ '', 509, 511 ]
293 silly gunzTarPerm extractEntry MIT_LICENSE
294 silly gunzTarPerm modified mode [ 'MIT_LICENSE', 436, 438 ]
295 silly gunzTarPerm extractEntry README.md
296 silly gunzTarPerm modified mode [ 'README.md', 436, 438 ]
297 silly gunzTarPerm extractEntry node_modules/
298 silly gunzTarPerm modified mode [ 'node_modules/', 509, 511 ]
299 silly gunzTarPerm extractEntry node_modules/deadunit/
300 silly gunzTarPerm modified mode [ 'node_modules/deadunit/', 509, 511 ]
301 silly gunzTarPerm extractEntry node_modules/deadunit/.npmignore
302 silly gunzTarPerm modified mode [ 'node_modules/deadunit/.npmignore', 436, 438 ]
303 silly gunzTarPerm extractEntry node_modules/deadunit/LICENSE
304 silly gunzTarPerm modified mode [ 'node_modules/deadunit/LICENSE', 436, 438 ]
305 silly gunzTarPerm extractEntry node_modules/deadunit/README.md
306 silly gunzTarPerm modified mode [ 'node_modules/deadunit/README.md', 436, 438 ]
307 silly gunzTarPerm extractEntry node_modules/deadunit/basicFormatter.js
308 silly gunzTarPerm modified mode [ 'node_modules/deadunit/basicFormatter.js', 436, 438 ]
309 silly gunzTarPerm extractEntry node_modules/deadunit/deadunit.js
310 silly gunzTarPerm modified mode [ 'node_modules/deadunit/deadunit.js', 436, 438 ]
311 silly gunzTarPerm extractEntry node_modules/deadunit/defaultFormats.js
312 silly gunzTarPerm modified mode [ 'node_modules/deadunit/defaultFormats.js', 436, 438 ]
313 silly gunzTarPerm extractEntry node_modules/deadunit/indent.js
314 silly gunzTarPerm modified mode [ 'node_modules/deadunit/indent.js', 436, 438 ]
315 silly gunzTarPerm extractEntry node_modules/deadunit/node_modules/
316 silly gunzTarPerm modified mode [ 'node_modules/deadunit/node_modules/', 509, 511 ]
317 silly gunzTarPerm extractEntry node_modules/deadunit/node_modules/colors/
318 silly gunzTarPerm modified mode [ 'node_modules/deadunit/node_modules/colors/', 509, 511 ]
319 silly gunzTarPerm extractEntry node_modules/deadunit/node_modules/colors/MIT-LICENSE.txt
320 silly gunzTarPerm modified mode [ 'node_modules/deadunit/node_modules/colors/MIT-LICENSE.txt',
320 silly gunzTarPerm   436,
320 silly gunzTarPerm   438 ]
321 silly gunzTarPerm extractEntry node_modules/deadunit/node_modules/colors/ReadMe.md
322 silly gunzTarPerm modified mode [ 'node_modules/deadunit/node_modules/colors/ReadMe.md',
322 silly gunzTarPerm   436,
322 silly gunzTarPerm   438 ]
323 silly gunzTarPerm extractEntry node_modules/deadunit/node_modules/colors/colors.js
324 silly gunzTarPerm modified mode [ 'node_modules/deadunit/node_modules/colors/colors.js',
324 silly gunzTarPerm   436,
324 silly gunzTarPerm   438 ]
325 silly gunzTarPerm extractEntry node_modules/deadunit/node_modules/colors/example.html
326 silly gunzTarPerm modified mode [ 'node_modules/deadunit/node_modules/colors/example.html',
326 silly gunzTarPerm   436,
326 silly gunzTarPerm   438 ]
327 silly gunzTarPerm extractEntry node_modules/deadunit/node_modules/colors/example.js
328 silly gunzTarPerm modified mode [ 'node_modules/deadunit/node_modules/colors/example.js',
328 silly gunzTarPerm   436,
328 silly gunzTarPerm   438 ]
329 silly gunzTarPerm extractEntry node_modules/deadunit/node_modules/colors/package.json
330 silly gunzTarPerm modified mode [ 'node_modules/deadunit/node_modules/colors/package.json',
330 silly gunzTarPerm   436,
330 silly gunzTarPerm   438 ]
331 silly gunzTarPerm extractEntry node_modules/deadunit/node_modules/colors/test.js
332 silly gunzTarPerm modified mode [ 'node_modules/deadunit/node_modules/colors/test.js', 436, 438 ]
333 silly gunzTarPerm extractEntry node_modules/deadunit/node_modules/colors/themes/
334 silly gunzTarPerm modified mode [ 'node_modules/deadunit/node_modules/colors/themes/', 509, 511 ]
335 silly gunzTarPerm extractEntry node_modules/deadunit/node_modules/colors/themes/winston-dark.js
336 silly gunzTarPerm modified mode [ 'node_modules/deadunit/node_modules/colors/themes/winston-dark.js',
336 silly gunzTarPerm   436,
336 silly gunzTarPerm   438 ]
337 silly gunzTarPerm extractEntry node_modules/deadunit/node_modules/colors/themes/winston-light.js
338 silly gunzTarPerm modified mode [ 'node_modules/deadunit/node_modules/colors/themes/winston-light.js',
338 silly gunzTarPerm   436,
338 silly gunzTarPerm   438 ]
339 silly gunzTarPerm extractEntry node_modules/deadunit/node_modules/stack-trace/
340 silly gunzTarPerm modified mode [ 'node_modules/deadunit/node_modules/stack-trace/', 509, 511 ]
341 silly gunzTarPerm extractEntry node_modules/deadunit/node_modules/stack-trace/.npmignore
342 silly gunzTarPerm modified mode [ 'node_modules/deadunit/node_modules/stack-trace/.npmignore',
342 silly gunzTarPerm   436,
342 silly gunzTarPerm   438 ]
343 silly gunzTarPerm extractEntry node_modules/deadunit/node_modules/stack-trace/License
344 silly gunzTarPerm modified mode [ 'node_modules/deadunit/node_modules/stack-trace/License',
344 silly gunzTarPerm   436,
344 silly gunzTarPerm   438 ]
345 silly gunzTarPerm extractEntry node_modules/deadunit/node_modules/stack-trace/Makefile
346 silly gunzTarPerm modified mode [ 'node_modules/deadunit/node_modules/stack-trace/Makefile',
346 silly gunzTarPerm   436,
346 silly gunzTarPerm   438 ]
347 silly gunzTarPerm extractEntry node_modules/deadunit/node_modules/stack-trace/Readme.md
348 silly gunzTarPerm modified mode [ 'node_modules/deadunit/node_modules/stack-trace/Readme.md',
348 silly gunzTarPerm   436,
348 silly gunzTarPerm   438 ]
349 silly gunzTarPerm extractEntry node_modules/deadunit/node_modules/stack-trace/lib/
350 silly gunzTarPerm modified mode [ 'node_modules/deadunit/node_modules/stack-trace/lib/',
350 silly gunzTarPerm   509,
350 silly gunzTarPerm   511 ]
351 silly gunzTarPerm extractEntry node_modules/deadunit/node_modules/stack-trace/lib/stack-trace.js
352 silly gunzTarPerm modified mode [ 'node_modules/deadunit/node_modules/stack-trace/lib/stack-trace.js',
352 silly gunzTarPerm   436,
352 silly gunzTarPerm   438 ]
353 silly gunzTarPerm extractEntry node_modules/deadunit/node_modules/stack-trace/package.json
354 silly gunzTarPerm modified mode [ 'node_modules/deadunit/node_modules/stack-trace/package.json',
354 silly gunzTarPerm   436,
354 silly gunzTarPerm   438 ]
355 silly gunzTarPerm extractEntry node_modules/deadunit/package.json
356 silly gunzTarPerm modified mode [ 'node_modules/deadunit/package.json', 436, 438 ]
357 silly gunzTarPerm extractEntry node_modules/deadunit/tests/
358 silly gunzTarPerm modified mode [ 'node_modules/deadunit/tests/', 509, 511 ]
359 silly gunzTarPerm extractEntry node_modules/deadunit/tests/testUnittester.js
360 silly gunzTarPerm modified mode [ 'node_modules/deadunit/tests/testUnittester.js', 436, 438 ]
361 silly gunzTarPerm extractEntry package.json
362 silly gunzTarPerm modified mode [ 'package.json', 436, 438 ]
363 silly gunzTarPerm extractEntry test/
364 silly gunzTarPerm modified mode [ 'test/', 509, 511 ]
365 silly gunzTarPerm extractEntry test/trimArgumentsTest.js
366 silly gunzTarPerm modified mode [ 'test/trimArgumentsTest.js', 436, 438 ]
367 silly gunzTarPerm extractEntry trimArguments.js
368 silly gunzTarPerm modified mode [ 'trimArguments.js', 436, 438 ]
369 verbose correctMkdir C:\Users\scott\AppData\Roaming\npm-cache correctMkdir not in flight; initializing
370 silly cache afterAdd trimArguments@1.0.1
371 verbose afterAdd C:\Users\scott\AppData\Roaming\npm-cache\trimArguments\1.0.1\package\package.json not in flight; writing
372 verbose correctMkdir C:\Users\scott\AppData\Roaming\npm-cache correctMkdir not in flight; initializing
373 verbose afterAdd C:\Users\scott\AppData\Roaming\npm-cache\trimArguments\1.0.1\package\package.json written
374 silly resolveWithNewModule trimArguments@1.0.1 checking installable status
375 silly loadAllDepsIntoIdealTree Finishing
376 silly loadIdealTree Finishing
377 silly currentTree shanbay.com
377 silly currentTree +-- lodash@4.17.4
377 silly currentTree `-- ruby@0.6.1
378 silly idealTree shanbay.com
378 silly idealTree +-- gem@2.4.2
378 silly idealTree +-- hashmap@2.0.5-minfiedBugFix
378 silly idealTree +-- lodash@4.17.4
378 silly idealTree +-- observe@1.3.8
378 silly idealTree | `-- proto@1.0.11
378 silly idealTree +-- proto@1.0.19
378 silly idealTree +-- ruby@0.6.1
378 silly idealTree `-- trimArguments@1.0.1
379 silly generateActionsToTake Starting
380 silly install generateActionsToTake
381 silly generateActionsToTake Finishing
382 silly diffTrees action count 6
383 silly diffTrees add proto@1.0.11
384 silly diffTrees add hashmap@2.0.5-minfiedBugFix
385 silly diffTrees add observe@1.3.8
386 silly diffTrees add proto@1.0.19
387 silly diffTrees add trimArguments@1.0.1
388 silly diffTrees add gem@2.4.2
389 silly decomposeActions action count 48
390 silly decomposeActions fetch proto@1.0.11
391 silly decomposeActions extract proto@1.0.11
392 silly decomposeActions test proto@1.0.11
393 silly decomposeActions preinstall proto@1.0.11
394 silly decomposeActions build proto@1.0.11
395 silly decomposeActions install proto@1.0.11
396 silly decomposeActions postinstall proto@1.0.11
397 silly decomposeActions finalize proto@1.0.11
398 silly decomposeActions fetch hashmap@2.0.5-minfiedBugFix
399 silly decomposeActions extract hashmap@2.0.5-minfiedBugFix
400 silly decomposeActions test hashmap@2.0.5-minfiedBugFix
401 silly decomposeActions preinstall hashmap@2.0.5-minfiedBugFix
402 silly decomposeActions build hashmap@2.0.5-minfiedBugFix
403 silly decomposeActions install hashmap@2.0.5-minfiedBugFix
404 silly decomposeActions postinstall hashmap@2.0.5-minfiedBugFix
405 silly decomposeActions finalize hashmap@2.0.5-minfiedBugFix
406 silly decomposeActions fetch observe@1.3.8
407 silly decomposeActions extract observe@1.3.8
408 silly decomposeActions test observe@1.3.8
409 silly decomposeActions preinstall observe@1.3.8
410 silly decomposeActions build observe@1.3.8
411 silly decomposeActions install observe@1.3.8
412 silly decomposeActions postinstall observe@1.3.8
413 silly decomposeActions finalize observe@1.3.8
414 silly decomposeActions fetch proto@1.0.19
415 silly decomposeActions extract proto@1.0.19
416 silly decomposeActions test proto@1.0.19
417 silly decomposeActions preinstall proto@1.0.19
418 silly decomposeActions build proto@1.0.19
419 silly decomposeActions install proto@1.0.19
420 silly decomposeActions postinstall proto@1.0.19
421 silly decomposeActions finalize proto@1.0.19
422 silly decomposeActions fetch trimArguments@1.0.1
423 silly decomposeActions extract trimArguments@1.0.1
424 silly decomposeActions test trimArguments@1.0.1
425 silly decomposeActions preinstall trimArguments@1.0.1
426 silly decomposeActions build trimArguments@1.0.1
427 silly decomposeActions install trimArguments@1.0.1
428 silly decomposeActions postinstall trimArguments@1.0.1
429 silly decomposeActions finalize trimArguments@1.0.1
430 silly decomposeActions fetch gem@2.4.2
431 silly decomposeActions extract gem@2.4.2
432 silly decomposeActions test gem@2.4.2
433 silly decomposeActions preinstall gem@2.4.2
434 silly decomposeActions build gem@2.4.2
435 silly decomposeActions install gem@2.4.2
436 silly decomposeActions postinstall gem@2.4.2
437 silly decomposeActions finalize gem@2.4.2
438 silly runTopLevelLifecycles Starting
439 silly executeActions Starting
440 silly install executeActions
441 silly doSerial global-install 0
442 silly doParallel fetch 6
443 verbose correctMkdir C:\Users\scott\AppData\Roaming\npm-cache\_locks correctMkdir not in flight; initializing
444 verbose lock using C:\Users\scott\AppData\Roaming\npm-cache\_locks\staging-dc1fd5c564c7bbf9.lock for D:\projects\shanbay\shanbay.com\node_modules\.staging
445 silly doParallel extract 6
446 silly extract proto@1.0.11
447 silly extract hashmap@2.0.5-minfiedBugFix
448 silly extract observe@1.3.8
449 silly extract proto@1.0.19
450 silly extract trimArguments@1.0.1
451 silly extract gem@2.4.2
452 verbose unbuild node_modules\.staging\hashmap-14fa5d99
453 verbose unbuild node_modules\.staging\proto-865e7504
454 verbose unbuild node_modules\.staging\gem-ff842f5f
455 verbose unbuild node_modules\.staging\trimArguments-8cc0aadd
456 verbose unbuild node_modules\.staging\proto-2988b30d
457 verbose unbuild node_modules\.staging\observe-7ec3cc31
458 silly gentlyRm D:\projects\shanbay\shanbay.com\node_modules\.staging\hashmap-14fa5d99 is being purged from base D:\projects\shanbay\shanbay.com
459 verbose gentlyRm don't care about contents; nuking D:\projects\shanbay\shanbay.com\node_modules\.staging\hashmap-14fa5d99
460 silly gentlyRm D:\projects\shanbay\shanbay.com\node_modules\.staging\proto-865e7504 is being purged from base D:\projects\shanbay\shanbay.com
461 verbose gentlyRm don't care about contents; nuking D:\projects\shanbay\shanbay.com\node_modules\.staging\proto-865e7504
462 silly gentlyRm D:\projects\shanbay\shanbay.com\node_modules\.staging\gem-ff842f5f is being purged from base D:\projects\shanbay\shanbay.com
463 verbose gentlyRm don't care about contents; nuking D:\projects\shanbay\shanbay.com\node_modules\.staging\gem-ff842f5f
464 silly gentlyRm D:\projects\shanbay\shanbay.com\node_modules\.staging\trimArguments-8cc0aadd is being purged from base D:\projects\shanbay\shanbay.com
465 verbose gentlyRm don't care about contents; nuking D:\projects\shanbay\shanbay.com\node_modules\.staging\trimArguments-8cc0aadd
466 silly gentlyRm D:\projects\shanbay\shanbay.com\node_modules\.staging\proto-2988b30d is being purged from base D:\projects\shanbay\shanbay.com
467 verbose gentlyRm don't care about contents; nuking D:\projects\shanbay\shanbay.com\node_modules\.staging\proto-2988b30d
468 verbose tar unpack C:\Users\scott\AppData\Roaming\npm-cache\hashmap\2.0.5-minfiedBugFix\package.tgz
469 verbose tar unpacking to D:\projects\shanbay\shanbay.com\node_modules\.staging\hashmap-14fa5d99
470 silly gentlyRm D:\projects\shanbay\shanbay.com\node_modules\.staging\hashmap-14fa5d99 is being purged
471 verbose gentlyRm don't care about contents; nuking D:\projects\shanbay\shanbay.com\node_modules\.staging\hashmap-14fa5d99
472 verbose tar unpack C:\Users\scott\AppData\Roaming\npm-cache\proto\1.0.19\package.tgz
473 verbose tar unpacking to D:\projects\shanbay\shanbay.com\node_modules\.staging\proto-865e7504
474 silly gentlyRm D:\projects\shanbay\shanbay.com\node_modules\.staging\proto-865e7504 is being purged
475 verbose gentlyRm don't care about contents; nuking D:\projects\shanbay\shanbay.com\node_modules\.staging\proto-865e7504
476 verbose tar unpack C:\Users\scott\AppData\Roaming\npm-cache\gem\2.4.2\package.tgz
477 verbose tar unpacking to D:\projects\shanbay\shanbay.com\node_modules\.staging\gem-ff842f5f
478 silly gentlyRm D:\projects\shanbay\shanbay.com\node_modules\.staging\gem-ff842f5f is being purged
479 verbose gentlyRm don't care about contents; nuking D:\projects\shanbay\shanbay.com\node_modules\.staging\gem-ff842f5f
480 verbose tar unpack C:\Users\scott\AppData\Roaming\npm-cache\trimArguments\1.0.1\package.tgz
481 verbose tar unpacking to D:\projects\shanbay\shanbay.com\node_modules\.staging\trimArguments-8cc0aadd
482 silly gentlyRm D:\projects\shanbay\shanbay.com\node_modules\.staging\trimArguments-8cc0aadd is being purged
483 verbose gentlyRm don't care about contents; nuking D:\projects\shanbay\shanbay.com\node_modules\.staging\trimArguments-8cc0aadd
484 silly gentlyRm D:\projects\shanbay\shanbay.com\node_modules\.staging\observe-7ec3cc31 is being purged from base D:\projects\shanbay\shanbay.com
485 verbose gentlyRm don't care about contents; nuking D:\projects\shanbay\shanbay.com\node_modules\.staging\observe-7ec3cc31
486 verbose tar unpack C:\Users\scott\AppData\Roaming\npm-cache\proto\1.0.11\package.tgz
487 verbose tar unpacking to D:\projects\shanbay\shanbay.com\node_modules\.staging\proto-2988b30d
488 silly gentlyRm D:\projects\shanbay\shanbay.com\node_modules\.staging\proto-2988b30d is being purged
489 verbose gentlyRm don't care about contents; nuking D:\projects\shanbay\shanbay.com\node_modules\.staging\proto-2988b30d
490 silly gunzTarPerm modes [ '777', '666' ]
491 silly gunzTarPerm modes [ '777', '666' ]
492 silly gunzTarPerm modes [ '777', '666' ]
493 silly gunzTarPerm modes [ '777', '666' ]
494 verbose tar unpack C:\Users\scott\AppData\Roaming\npm-cache\observe\1.3.8\package.tgz
495 verbose tar unpacking to D:\projects\shanbay\shanbay.com\node_modules\.staging\observe-7ec3cc31
496 silly gentlyRm D:\projects\shanbay\shanbay.com\node_modules\.staging\observe-7ec3cc31 is being purged
497 verbose gentlyRm don't care about contents; nuking D:\projects\shanbay\shanbay.com\node_modules\.staging\observe-7ec3cc31
498 silly gunzTarPerm modes [ '777', '666' ]
499 silly gunzTarPerm modes [ '777', '666' ]
500 silly gunzTarPerm extractEntry
501 silly gunzTarPerm modified mode [ '', 509, 511 ]
502 silly gunzTarPerm extractEntry package.json
503 silly gunzTarPerm extractEntry package.json
504 silly gunzTarPerm extractEntry
505 silly gunzTarPerm modified mode [ '', 509, 511 ]
506 silly gunzTarPerm extractEntry package.json
507 silly gunzTarPerm extractEntry package.json
508 silly gunzTarPerm extractEntry .gitignore
509 silly gunzTarPerm modified mode [ '.gitignore', 436, 438 ]
510 silly gunzTarPerm extractEntry .npmignore
511 silly gunzTarPerm modified mode [ '.npmignore', 436, 438 ]
512 silly gunzTarPerm extractEntry CHANGELOG.md
513 silly gunzTarPerm modified mode [ 'CHANGELOG.md', 436, 438 ]
514 silly gunzTarPerm extractEntry .npmignore
515 silly gunzTarPerm extractEntry README.md
516 silly gunzTarPerm extractEntry .npmignore
517 silly gunzTarPerm extractEntry README.md
518 silly gunzTarPerm extractEntry .npmignore
519 silly gunzTarPerm extractEntry README.md
520 silly gunzTarPerm extractEntry .npmignore
521 silly gunzTarPerm extractEntry README.md
522 silly gunzTarPerm extractEntry MIT_LICENSE
523 silly gunzTarPerm modified mode [ 'MIT_LICENSE', 436, 438 ]
524 silly gunzTarPerm extractEntry README.md
525 silly gunzTarPerm modified mode [ 'README.md', 436, 438 ]
526 silly gunzTarPerm extractEntry node_modules/
527 silly gunzTarPerm modified mode [ 'node_modules/', 509, 511 ]
528 silly gunzTarPerm extractEntry LICENSE
529 silly gunzTarPerm modified mode [ 'LICENSE', 436, 438 ]
530 silly gunzTarPerm extractEntry Readme.md
531 silly gunzTarPerm modified mode [ 'Readme.md', 436, 438 ]
532 silly gunzTarPerm extractEntry node_modules/deadunit/
533 silly gunzTarPerm modified mode [ 'node_modules/deadunit/', 509, 511 ]
534 silly gunzTarPerm extractEntry node_modules/deadunit/.npmignore
535 silly gunzTarPerm modified mode [ 'node_modules/deadunit/.npmignore', 436, 438 ]
536 silly gunzTarPerm extractEntry build.js
537 silly gunzTarPerm extractEntry proto.js
538 silly gunzTarPerm extractEntry build.js
539 silly gunzTarPerm extractEntry proto.js
540 silly gunzTarPerm extractEntry Image.js
541 silly gunzTarPerm extractEntry utils.js
542 silly gunzTarPerm extractEntry build.js
543 silly gunzTarPerm extractEntry bower.json
544 silly gunzTarPerm modified mode [ 'bower.json', 436, 438 ]
545 silly gunzTarPerm extractEntry hashmap.js
546 silly gunzTarPerm modified mode [ 'hashmap.js', 436, 438 ]
547 silly gunzTarPerm extractEntry MIT_LICENSE
548 silly gunzTarPerm extractEntry testProxy.js
549 silly gunzTarPerm extractEntry List.js
550 silly gunzTarPerm extractEntry CheckBox.js
551 silly gunzTarPerm extractEntry Style.js
552 silly gunzTarPerm extractEntry testServer.js
553 silly gunzTarPerm extractEntry observe.js
554 silly gunzTarPerm extractEntry node_modules/deadunit/LICENSE
555 silly gunzTarPerm modified mode [ 'node_modules/deadunit/LICENSE', 436, 438 ]
556 silly gunzTarPerm extractEntry node_modules/deadunit/README.md
557 silly gunzTarPerm modified mode [ 'node_modules/deadunit/README.md', 436, 438 ]
558 silly gunzTarPerm extractEntry Svg.js
559 silly gunzTarPerm extractEntry package.json
560 silly gunzTarPerm modified mode [ 'package.json', 436, 438 ]
561 silly gunzTarPerm extractEntry Table.js
562 silly gunzTarPerm extractEntry Text.js
563 silly gunzTarPerm extractEntry generatedBuilds/proto.amd.js
564 silly gunzTarPerm extractEntry generatedBuilds/proto.amd.min.js
565 silly gunzTarPerm extractEntry Canvas.js
566 silly gunzTarPerm extractEntry node_modules/deadunit/basicFormatter.js
567 silly gunzTarPerm modified mode [ 'node_modules/deadunit/basicFormatter.js', 436, 438 ]
568 silly gunzTarPerm extractEntry node_modules/deadunit/deadunit.js
569 silly gunzTarPerm modified mode [ 'node_modules/deadunit/deadunit.js', 436, 438 ]
570 silly gunzTarPerm extractEntry node_modules/deadunit/defaultFormats.js
571 silly gunzTarPerm modified mode [ 'node_modules/deadunit/defaultFormats.js', 436, 438 ]
572 silly gunzTarPerm extractEntry node_modules/deadunit/indent.js
573 silly gunzTarPerm modified mode [ 'node_modules/deadunit/indent.js', 436, 438 ]
574 silly gunzTarPerm extractEntry node_modules/deadunit/node_modules/
575 silly gunzTarPerm modified mode [ 'node_modules/deadunit/node_modules/', 509, 511 ]
576 silly gunzTarPerm extractEntry node_modules/deadunit/node_modules/colors/
577 silly gunzTarPerm modified mode [ 'node_modules/deadunit/node_modules/colors/', 509, 511 ]
578 silly gunzTarPerm extractEntry node_modules/deadunit/node_modules/colors/MIT-LICENSE.txt
579 silly gunzTarPerm modified mode [ 'node_modules/deadunit/node_modules/colors/MIT-LICENSE.txt',
579 silly gunzTarPerm   436,
579 silly gunzTarPerm   438 ]
580 silly gunzTarPerm extractEntry node_modules/deadunit/node_modules/colors/ReadMe.md
581 silly gunzTarPerm modified mode [ 'node_modules/deadunit/node_modules/colors/ReadMe.md',
581 silly gunzTarPerm   436,
581 silly gunzTarPerm   438 ]
582 silly gunzTarPerm extractEntry node_modules/deadunit/node_modules/colors/colors.js
583 silly gunzTarPerm modified mode [ 'node_modules/deadunit/node_modules/colors/colors.js',
583 silly gunzTarPerm   436,
583 silly gunzTarPerm   438 ]
584 silly gunzTarPerm extractEntry node_modules/deadunit/node_modules/colors/example.html
585 silly gunzTarPerm modified mode [ 'node_modules/deadunit/node_modules/colors/example.html',
585 silly gunzTarPerm   436,
585 silly gunzTarPerm   438 ]
586 silly gunzTarPerm extractEntry node_modules/deadunit/node_modules/colors/example.js
587 silly gunzTarPerm modified mode [ 'node_modules/deadunit/node_modules/colors/example.js',
587 silly gunzTarPerm   436,
587 silly gunzTarPerm   438 ]
588 silly gunzTarPerm extractEntry node_modules/deadunit/node_modules/colors/package.json
589 silly gunzTarPerm modified mode [ 'node_modules/deadunit/node_modules/colors/package.json',
589 silly gunzTarPerm   436,
589 silly gunzTarPerm   438 ]
590 silly gunzTarPerm extractEntry node_modules/deadunit/node_modules/colors/test.js
591 silly gunzTarPerm modified mode [ 'node_modules/deadunit/node_modules/colors/test.js', 436, 438 ]
592 silly gunzTarPerm extractEntry node_modules/deadunit/node_modules/colors/themes/
593 silly gunzTarPerm modified mode [ 'node_modules/deadunit/node_modules/colors/themes/', 509, 511 ]
594 silly gunzTarPerm extractEntry node_modules/deadunit/node_modules/colors/themes/winston-dark.js
595 silly gunzTarPerm modified mode [ 'node_modules/deadunit/node_modules/colors/themes/winston-dark.js',
595 silly gunzTarPerm   436,
595 silly gunzTarPerm   438 ]
596 silly gunzTarPerm extractEntry node_modules/deadunit/node_modules/colors/themes/winston-light.js
597 silly gunzTarPerm modified mode [ 'node_modules/deadunit/node_modules/colors/themes/winston-light.js',
597 silly gunzTarPerm   436,
597 silly gunzTarPerm   438 ]
598 silly gunzTarPerm extractEntry node_modules/deadunit/node_modules/stack-trace/
599 silly gunzTarPerm modified mode [ 'node_modules/deadunit/node_modules/stack-trace/', 509, 511 ]
600 silly gunzTarPerm extractEntry node_modules/deadunit/node_modules/stack-trace/.npmignore
601 silly gunzTarPerm modified mode [ 'node_modules/deadunit/node_modules/stack-trace/.npmignore',
601 silly gunzTarPerm   436,
601 silly gunzTarPerm   438 ]
602 silly gunzTarPerm extractEntry node_modules/deadunit/node_modules/stack-trace/License
603 silly gunzTarPerm modified mode [ 'node_modules/deadunit/node_modules/stack-trace/License',
603 silly gunzTarPerm   436,
603 silly gunzTarPerm   438 ]
604 silly gunzTarPerm extractEntry node_modules/deadunit/node_modules/stack-trace/Makefile
605 silly gunzTarPerm modified mode [ 'node_modules/deadunit/node_modules/stack-trace/Makefile',
605 silly gunzTarPerm   436,
605 silly gunzTarPerm   438 ]
606 silly gunzTarPerm extractEntry node_modules/deadunit/node_modules/stack-trace/Readme.md
607 silly gunzTarPerm modified mode [ 'node_modules/deadunit/node_modules/stack-trace/Readme.md',
607 silly gunzTarPerm   436,
607 silly gunzTarPerm   438 ]
608 silly gunzTarPerm extractEntry node_modules/deadunit/node_modules/stack-trace/lib/
609 silly gunzTarPerm modified mode [ 'node_modules/deadunit/node_modules/stack-trace/lib/',
609 silly gunzTarPerm   509,
609 silly gunzTarPerm   511 ]
610 silly gunzTarPerm extractEntry node_modules/deadunit/node_modules/stack-trace/lib/stack-trace.js
611 silly gunzTarPerm modified mode [ 'node_modules/deadunit/node_modules/stack-trace/lib/stack-trace.js',
611 silly gunzTarPerm   436,
611 silly gunzTarPerm   438 ]
612 silly gunzTarPerm extractEntry node_modules/deadunit/node_modules/stack-trace/package.json
613 silly gunzTarPerm modified mode [ 'node_modules/deadunit/node_modules/stack-trace/package.json',
613 silly gunzTarPerm   436,
613 silly gunzTarPerm   438 ]
614 silly gunzTarPerm extractEntry node_modules/deadunit/package.json
615 silly gunzTarPerm modified mode [ 'node_modules/deadunit/package.json', 436, 438 ]
616 silly gunzTarPerm extractEntry node_modules/deadunit/tests/
617 silly gunzTarPerm modified mode [ 'node_modules/deadunit/tests/', 509, 511 ]
618 silly gunzTarPerm extractEntry node_modules/deadunit/tests/testUnittester.js
619 silly gunzTarPerm modified mode [ 'node_modules/deadunit/tests/testUnittester.js', 436, 438 ]
620 silly gunzTarPerm extractEntry package.json
621 silly gunzTarPerm modified mode [ 'package.json', 436, 438 ]
622 silly gunzTarPerm extractEntry test/
623 silly gunzTarPerm modified mode [ 'test/', 509, 511 ]
624 silly gunzTarPerm extractEntry test/trimArgumentsTest.js
625 silly gunzTarPerm modified mode [ 'test/trimArgumentsTest.js', 436, 438 ]
626 silly gunzTarPerm extractEntry trimArguments.js
627 silly gunzTarPerm modified mode [ 'trimArguments.js', 436, 438 ]
628 silly gunzTarPerm extractEntry testProxy.js
629 silly gunzTarPerm extractEntry generatedBuilds/observe.umd.js
630 silly gunzTarPerm extractEntry MIT_LICENSE
631 silly gunzTarPerm extractEntry dist/proto.umd.js
632 silly gunzTarPerm extractEntry test/
633 silly gunzTarPerm modified mode [ 'test/', 509, 511 ]
634 silly gunzTarPerm extractEntry test/test.js
635 silly gunzTarPerm modified mode [ 'test/test.js', 436, 438 ]
636 silly gunzTarPerm extractEntry generatedBuilds/proto.common.js
637 silly gunzTarPerm extractEntry generatedBuilds/proto.global.js
638 silly gunzTarPerm extractEntry TextArea.js
639 silly gunzTarPerm extractEntry Button.js
640 silly gunzTarPerm extractEntry dist/proto.umd.js.map
641 silly gunzTarPerm extractEntry test/protoTest.js
642 silly gunzTarPerm extractEntry test/observe.test.browser.js
643 silly gunzTarPerm extractEntry test/observe.test.browser.umd.js
644 silly gunzTarPerm extractEntry TextField.js
645 silly gunzTarPerm extractEntry Block.js
646 silly gunzTarPerm extractEntry test/browserAMDtest.html
647 silly gunzTarPerm extractEntry test/browserGlobalTest.html
648 silly gunzTarPerm extractEntry generatedBuilds/proto.global.min.js
649 silly gunzTarPerm extractEntry test/protoTest.js
650 silly gunzTarPerm extractEntry test/observe.tests.js
651 silly gunzTarPerm extractEntry Select.js
652 silly gunzTarPerm extractEntry Radio.js
653 silly gunzTarPerm extractEntry test/observe.tests.node.js
654 silly gunzTarPerm extractEntry test/testUtils.js
655 silly gunzTarPerm extractEntry test/observe.tests.html
656 silly gunzTarPerm extractEntry MIT_LICENSE
657 silly gunzTarPerm extractEntry MIT_LICENSE
658 silly gunzTarPerm extractEntry Delorean-200x150.jpg
659 silly gunzTarPerm extractEntry npm-shrinkwrap.json
660 silly gunzTarPerm extractEntry dist/Gem.dev.umd.js
661 silly gunzTarPerm extractEntry dist/Gem.umd.js
662 silly gunzTarPerm extractEntry dist/Gem.dev.umd.js.map
663 silly gunzTarPerm extractEntry dist/Gem.umd.js.map
664 silly gentlyRm D:\projects\shanbay\shanbay.com\node_modules\.staging\hashmap-14fa5d99\node_modules is being purged
665 verbose gentlyRm don't care about contents; nuking D:\projects\shanbay\shanbay.com\node_modules\.staging\hashmap-14fa5d99\node_modules
666 silly gunzTarPerm extractEntry example/Gem.umd.js
667 silly gentlyRm D:\projects\shanbay\shanbay.com\node_modules\.staging\proto-2988b30d\node_modules is being purged
668 verbose gentlyRm don't care about contents; nuking D:\projects\shanbay\shanbay.com\node_modules\.staging\proto-2988b30d\node_modules
669 silly gunzTarPerm extractEntry example/proto.umd.js
670 silly gentlyRm D:\projects\shanbay\shanbay.com\node_modules\.staging\proto-865e7504\node_modules is being purged
671 verbose gentlyRm don't care about contents; nuking D:\projects\shanbay\shanbay.com\node_modules\.staging\proto-865e7504\node_modules
672 silly gunzTarPerm extractEntry example/example.html
673 silly gunzTarPerm extractEntry example/exampleShot.png
674 silly gunzTarPerm extractEntry gem-title.png
675 silly gunzTarPerm extractEntry gem-title.psd
676 silly gunzTarPerm extractEntry gem.png
677 silly gunzTarPerm extractEntry gem.psd
678 silly gunzTarPerm extractEntry CONTRIBUTING.md
679 silly gunzTarPerm extractEntry src/Gem.browser.js
680 silly gunzTarPerm extractEntry src/build.js
681 silly gunzTarPerm extractEntry src/external/jss.js
682 silly gunzTarPerm extractEntry src/external/syn.js
683 silly gunzTarPerm extractEntry src/external/README.txt
684 silly gunzTarPerm extractEntry src/test/testServer.js
685 silly gunzTarPerm extractEntry src/test/Gem.test.js
686 silly gunzTarPerm extractEntry src/test/Style.test.js
687 silly gunzTarPerm extractEntry src/test/all.tests.js
688 silly gunzTarPerm extractEntry src/test/EventEmitterB.test.js
689 silly gunzTarPerm extractEntry src/test/performance.tests.js
690 silly gunzTarPerm extractEntry src/test/all.tests.html
691 silly gunzTarPerm extractEntry src/test/generated/allTests.umd.js
692 silly gentlyRm D:\projects\shanbay\shanbay.com\node_modules\.staging\observe-7ec3cc31\node_modules is being purged
693 verbose gentlyRm don't care about contents; nuking D:\projects\shanbay\shanbay.com\node_modules\.staging\observe-7ec3cc31\node_modules
694 silly gunzTarPerm extractEntry src/test/generated/performanceTests.umd.js
695 silly gunzTarPerm extractEntry src/test/generated/allTests.umd.js.map
696 silly gentlyRm D:\projects\shanbay\shanbay.com\node_modules\.staging\trimArguments-8cc0aadd\node_modules is being purged
697 verbose gentlyRm don't care about contents; nuking D:\projects\shanbay\shanbay.com\node_modules\.staging\trimArguments-8cc0aadd\node_modules
698 silly vacuum-fs purging D:\projects\shanbay\shanbay.com\node_modules\.staging\trimArguments-8cc0aadd\node_modules
699 silly gunzTarPerm extractEntry src/test/generated/performanceTests.umd.js.map
700 silly vacuum-fs quitting because other entries in D:\projects\shanbay\shanbay.com\node_modules\.staging\trimArguments-8cc0aadd
701 silly gunzTarPerm extractEntry src/test/performanceTests/add.performance.js
702 silly gunzTarPerm extractEntry src/test/performanceTests/style.performance.js
703 silly gunzTarPerm extractEntry src/test/performanceTests/performanceSnapshot-2015-07-11-1.txt
704 silly gunzTarPerm extractEntry src/test/performanceTests/performanceSnapshot-2015-07-11-2.txt
705 silly gunzTarPerm extractEntry src/test/performanceTests/performanceSnapshot-2015-07-12-1.txt
706 silly gunzTarPerm extractEntry src/test/performance.tests.html
707 silly gunzTarPerm extractEntry src/test/ComponentTests/Block.test.js
708 silly gunzTarPerm extractEntry src/test/ComponentTests/CheckBox.test.js
709 silly gunzTarPerm extractEntry src/test/ComponentTests/Image.test.js
710 silly gunzTarPerm extractEntry src/test/ComponentTests/List.test.js
711 silly gunzTarPerm extractEntry src/test/ComponentTests/Canvas.test.js
712 silly gunzTarPerm extractEntry src/test/ComponentTests/Radio.test.js
713 silly gunzTarPerm extractEntry src/test/ComponentTests/Select.test.js
714 silly gunzTarPerm extractEntry src/test/ComponentTests/Table.test.js
715 silly gunzTarPerm extractEntry src/test/ComponentTests/Text.test.js
716 silly gunzTarPerm extractEntry src/test/ComponentTests/TextArea.test.js
717 silly gunzTarPerm extractEntry src/test/ComponentTests/Button.test.js
718 silly gunzTarPerm extractEntry src/test/ComponentTests/TextField.test.js
719 silly gunzTarPerm extractEntry src/test/ComponentTests/MultiSelect.test.js
720 silly gunzTarPerm extractEntry src/test/external/jquery2.0.4.min.js
721 silly gunzTarPerm extractEntry src/test/node_modules/fsyn.js
722 silly gunzTarPerm extractEntry src/test/node_modules/testUtils.js
723 silly gunzTarPerm extractEntry src/node_modules/EventEmitterB.js
724 silly gunzTarPerm extractEntry src/node_modules/Gem.js
725 silly gunzTarPerm extractEntry src/node_modules/Style.js
726 silly gunzTarPerm extractEntry src/node_modules/blockStyleUtils.js
727 silly gunzTarPerm extractEntry src/node_modules/buildUtil.js
728 silly gunzTarPerm extractEntry src/node_modules/devFlag.js
729 silly gunzTarPerm extractEntry src/node_modules/domUtils.js
730 silly gunzTarPerm extractEntry src/node_modules/utils.js
731 silly gunzTarPerm extractEntry src/node_modules/Components/Block.js
732 silly gunzTarPerm extractEntry src/node_modules/Components/Image.js
733 silly gunzTarPerm extractEntry src/node_modules/Components/Item.js
734 silly gunzTarPerm extractEntry src/node_modules/Components/List.js
735 silly gunzTarPerm extractEntry src/node_modules/Components/MultiSelect.js
736 silly gunzTarPerm extractEntry src/node_modules/Components/Header.js
737 silly gunzTarPerm extractEntry src/node_modules/Components/Radio.js
738 silly gunzTarPerm extractEntry src/node_modules/Components/Row.js
739 silly gunzTarPerm extractEntry src/node_modules/Components/RowlikeGenerator.js
740 silly gunzTarPerm extractEntry src/node_modules/Components/Select.js
741 silly gunzTarPerm extractEntry src/node_modules/Components/Svg.js
742 silly gunzTarPerm extractEntry src/node_modules/Components/CheckBox.js
743 silly gunzTarPerm extractEntry src/node_modules/Components/Table.js
744 silly gunzTarPerm extractEntry src/node_modules/Components/Cell.js
745 silly gunzTarPerm extractEntry src/node_modules/Components/Text.js
746 silly gunzTarPerm extractEntry src/node_modules/Components/Canvas.js
747 silly gunzTarPerm extractEntry src/node_modules/Components/TextArea.js
748 silly gunzTarPerm extractEntry src/node_modules/Components/Button.js
749 silly gunzTarPerm extractEntry src/node_modules/Components/TextField.js
750 silly gunzTarPerm extractEntry src/node_modules/Components/Option.js
751 silly gentlyRm D:\projects\shanbay\shanbay.com\node_modules\.staging\gem-ff842f5f\node_modules is being purged
752 verbose gentlyRm don't care about contents; nuking D:\projects\shanbay\shanbay.com\node_modules\.staging\gem-ff842f5f\node_modules
753 silly doParallel preinstall 6
754 silly preinstall proto@1.0.11 D:\projects\shanbay\shanbay.com\node_modules\.staging\proto-2988b30d
755 info lifecycle proto@1.0.11~preinstall: proto@1.0.11
756 silly preinstall hashmap@2.0.5-minfiedBugFix D:\projects\shanbay\shanbay.com\node_modules\.staging\hashmap-14fa5d99
757 info lifecycle hashmap@2.0.5-minfiedBugFix~preinstall: hashmap@2.0.5-minfiedBugFix
758 silly preinstall observe@1.3.8 D:\projects\shanbay\shanbay.com\node_modules\.staging\observe-7ec3cc31
759 info lifecycle observe@1.3.8~preinstall: observe@1.3.8
760 silly preinstall proto@1.0.19 D:\projects\shanbay\shanbay.com\node_modules\.staging\proto-865e7504
761 info lifecycle proto@1.0.19~preinstall: proto@1.0.19
762 silly preinstall trimArguments@1.0.1 D:\projects\shanbay\shanbay.com\node_modules\.staging\trimArguments-8cc0aadd
763 info lifecycle trimArguments@1.0.1~preinstall: trimArguments@1.0.1
764 silly preinstall gem@2.4.2 D:\projects\shanbay\shanbay.com\node_modules\.staging\gem-ff842f5f
765 info lifecycle gem@2.4.2~preinstall: gem@2.4.2
766 silly lifecycle proto@1.0.11~preinstall: no script for preinstall, continuing
767 silly lifecycle hashmap@2.0.5-minfiedBugFix~preinstall: no script for preinstall, continuing
768 silly lifecycle observe@1.3.8~preinstall: no script for preinstall, continuing
769 silly lifecycle proto@1.0.19~preinstall: no script for preinstall, continuing
770 silly lifecycle trimArguments@1.0.1~preinstall: no script for preinstall, continuing
771 silly lifecycle gem@2.4.2~preinstall: no script for preinstall, continuing
772 silly doReverseSerial remove 0
773 silly doSerial move 0
774 silly doSerial finalize 6
775 silly finalize D:\projects\shanbay\shanbay.com\node_modules\observe\node_modules\proto
776 silly finalize D:\projects\shanbay\shanbay.com\node_modules\hashmap
777 silly finalize D:\projects\shanbay\shanbay.com\node_modules\observe
778 verbose unlock done using C:\Users\scott\AppData\Roaming\npm-cache\_locks\staging-dc1fd5c564c7bbf9.lock for D:\projects\shanbay\shanbay.com\node_modules\.staging
779 silly rollbackFailedOptional Starting
780 silly rollbackFailedOptional Finishing
781 silly runTopLevelLifecycles Finishing
782 silly install printInstalled
783 warn enoent ENOENT: no such file or directory, open 'D:\projects\shanbay\shanbay.com\package.json'
784 verbose enoent ENOENT: no such file or directory, open 'D:\projects\shanbay\shanbay.com\package.json'
784 verbose enoent This is most likely not a problem with npm itself
784 verbose enoent and is related to npm not being able to find a file.
785 warn shanbay.com No description
786 verbose If you need help, you may report this error at:
786 verbose     <https://github.com/npm/npm/issues>
787 warn shanbay.com No repository field.
788 verbose If you need help, you may report this error at:
788 verbose     <https://github.com/npm/npm/issues>
789 warn shanbay.com No README data
790 verbose If you need help, you may report this error at:
790 verbose     <https://github.com/npm/npm/issues>
791 warn shanbay.com No license field.
792 verbose If you need help, you may report this error at:
792 verbose     <https://github.com/npm/npm/issues>
793 verbose stack Error: EPERM: operation not permitted, rename 'D:\projects\shanbay\shanbay.com\node_modules\observe' -> 'D:\projects\shanbay\shanbay.com\node_modules\.observe.DELETE'
793 verbose stack     at moveAway (C:\Program Files\nodejs\node_modules\npm\lib\install\action\finalize.js:38:5)
793 verbose stack     at destStatted (C:\Program Files\nodejs\node_modules\npm\lib\install\action\finalize.js:27:7)
793 verbose stack     at C:\Program Files\nodejs\node_modules\npm\node_modules\graceful-fs\polyfills.js:267:18
793 verbose stack     at FSReqWrap.oncomplete (fs.js:123:15)
793 verbose stack
793 verbose stack Error: EPERM: operation not permitted, rename 'D:\projects\shanbay\shanbay.com\node_modules\observe' -> 'D:\projects\shanbay\shanbay.com\node_modules\.observe.DELETE'
793 verbose stack     at Error (native)
794 verbose cwd D:\projects\shanbay\shanbay.com
795 error Windows_NT 6.1.7601
796 error argv "C:\\Program Files\\nodejs\\node.exe" "C:\\Program Files\\nodejs\\node_modules\\npm\\bin\\npm-cli.js" "install" "gem"
797 error node v6.11.2
798 error npm  v3.10.10
799 error path D:\projects\shanbay\shanbay.com\node_modules\observe
800 error code EPERM
801 error errno -4048
802 error syscall rename
803 error Error: EPERM: operation not permitted, rename 'D:\projects\shanbay\shanbay.com\node_modules\observe' -> 'D:\projects\shanbay\shanbay.com\node_modules\.observe.DELETE'
803 error     at moveAway (C:\Program Files\nodejs\node_modules\npm\lib\install\action\finalize.js:38:5)
803 error     at destStatted (C:\Program Files\nodejs\node_modules\npm\lib\install\action\finalize.js:27:7)
803 error     at C:\Program Files\nodejs\node_modules\npm\node_modules\graceful-fs\polyfills.js:267:18
803 error     at FSReqWrap.oncomplete (fs.js:123:15)
803 error
803 error Error: EPERM: operation not permitted, rename 'D:\projects\shanbay\shanbay.com\node_modules\observe' -> 'D:\projects\shanbay\shanbay.com\node_modules\.observe.DELETE'
803 error     at Error (native)
803 error  Error: EPERM: operation not permitted, rename 'D:\projects\shanbay\shanbay.com\node_modules\observe' -> 'D:\projects\shanbay\shanbay.com\node_modules\.observe.DELETE'
803 error     at moveAway (C:\Program Files\nodejs\node_modules\npm\lib\install\action\finalize.js:38:5)
803 error     at destStatted (C:\Program Files\nodejs\node_modules\npm\lib\install\action\finalize.js:27:7)
803 error     at C:\Program Files\nodejs\node_modules\npm\node_modules\graceful-fs\polyfills.js:267:18
803 error     at FSReqWrap.oncomplete (fs.js:123:15)
803 error
803 error Error: EPERM: operation not permitted, rename 'D:\projects\shanbay\shanbay.com\node_modules\observe' -> 'D:\projects\shanbay\shanbay.com\node_modules\.observe.DELETE'
803 error     at Error (native)
804 error Please try running this command again as root/Administrator.
805 verbose exit [ -4048, true ]
